<?xml version="1.0" encoding="utf-8" standalone="no"?>
<!--This file represents the results of running a test suite-->
<test-results name="C:\Users\lucas\Documents\S5\integration continue\CakeTest\CakeTest\bin\Debug\CakeTest.dll" total="1" errors="0" failures="0" not-run="0" inconclusive="0" ignored="0" skipped="0" invalid="0" date="2016-03-21" time="14:54:47">
  <environment nunit-version="2.6.4.14350" clr-version="2.0.50727.8009" os-version="Microsoft Windows NT 6.2.9200.0" platform="Win32NT" cwd="C:\Users\lucas\Documents\S5\integration continue\CakeTest\CakeTest\bin\Debug" machine-name="LUCASPC" user="lucas" user-domain="LUCASPC" />
  <culture-info current-culture="fr-FR" current-uiculture="fr-FR" />
  <test-suite type="Assembly" name="C:\Users\lucas\Documents\S5\integration continue\CakeTest\CakeTest\bin\Debug\CakeTest.dll" executed="True" result="Success" success="True" time="0.002" asserts="0">
    <results>
      <test-suite type="Namespace" name="CakeTest" executed="True" result="Success" success="True" time="0.001" asserts="0">
        <results>
          <test-suite type="TestFixture" name="Class1Test" executed="True" result="Success" success="True" time="0.001" asserts="0">
            <results>
              <test-case name="CakeTest.Class1Test.testAdd" executed="True" result="Success" success="True" time="0.000" asserts="1" />
            </results>
          </test-suite>
        </results>
      </test-suite>
    </results>
  </test-suite>
</test-results>